<?xml version="1.0" encoding="UTF-8"?>
<testng-results ignored="0" total="1" passed="1" failed="0" skipped="0">
  <reporter-output>
  </reporter-output>
  <suite started-at="2023-03-21T15:14:02 BDT" name="Default suite" finished-at="2023-03-21T15:14:24 BDT" duration-ms="21191">
    <groups>
    </groups>
    <test started-at="2023-03-21T15:14:02 BDT" name="Default test" finished-at="2023-03-21T15:14:24 BDT" duration-ms="21191">
      <class name="handle_web_element.TC03_iframeCheckboxRadioButton">
        <test-method is-config="true" signature="setDriver()[pri:0, instance:handle_web_element.TC03_iframeCheckboxRadioButton@272113c4]" started-at="2023-03-21T15:13:57 BDT" name="setDriver" finished-at="2023-03-21T15:14:02 BDT" duration-ms="5475" status="PASS">
          <reporter-output>
          </reporter-output>
        </test-method> <!-- setDriver -->
        <test-method signature="Testradiobutton()[pri:0, instance:handle_web_element.TC03_iframeCheckboxRadioButton@272113c4]" started-at="2023-03-21T15:14:02 BDT" name="Testradiobutton" finished-at="2023-03-21T15:14:24 BDT" duration-ms="21159" status="PASS">
          <reporter-output>
          </reporter-output>
        </test-method> <!-- Testradiobutton -->
        <test-method is-config="true" signature="quitDriver()[pri:0, instance:handle_web_element.TC03_iframeCheckboxRadioButton@272113c4]" started-at="2023-03-21T15:14:24 BDT" name="quitDriver" finished-at="2023-03-21T15:14:25 BDT" duration-ms="1119" status="PASS">
          <reporter-output>
          </reporter-output>
        </test-method> <!-- quitDriver -->
      </class> <!-- handle_web_element.TC03_iframeCheckboxRadioButton -->
    </test> <!-- Default test -->
  </suite> <!-- Default suite -->
</testng-results>
